Using pre-set license
Built from '2020.3/staging' branch; Version is '2020.3.8f1 (507919d4fff5) revision 5273881'; Using compiler version '192528614'; Build Type 'Release'
OS: 'Windows 10 Pro; OS build 19043.1348; Version 2009; 64bit' Language: 'es' Physical Memory: 16267 MB
BatchMode: 1, IsHumanControllingUs: 0, StartBugReporterOnCrash: 0, Is64bit: 1, IsPro: 0

 COMMAND LINE ARGUMENTS:
D:\Program Files\Unity\Editor\2020.3.8f1\Editor\Unity.exe
-adb2
-batchMode
-noUpm
-name
AssetImportWorker1
-projectPath
D:/Documentos/Projects/BaseProject
-logFile
Logs/AssetImportWorker1.log
-srvPort
59737
Successfully changed project path to: D:/Documentos/Projects/BaseProject
D:/Documentos/Projects/BaseProject
Using Asset Import Pipeline V2.
Refreshing native plugins compatible for Editor in 36.98 ms, found 0 plugins.
Preloading 0 native plugins for Editor in 0.00 ms.
Initialize engine version: 2020.3.8f1 (507919d4fff5)
[Subsystems] Discovering subsystems at path D:/Program Files/Unity/Editor/2020.3.8f1/Editor/Data/Resources/UnitySubsystems
[Subsystems] Discovering subsystems at path D:/Documentos/Projects/BaseProject/Assets
GfxDevice: creating device client; threaded=0
Direct3D:
    Version:  Direct3D 11.0 [level 11.1]
    Renderer: NVIDIA GeForce GTX 1050 (ID=0x1c8d)
    Vendor:   
    VRAM:     4019 MB
    Driver:   30.0.14.7141
Initialize mono
Mono path[0] = 'D:/Program Files/Unity/Editor/2020.3.8f1/Editor/Data/Managed'
Mono path[1] = 'D:/Program Files/Unity/Editor/2020.3.8f1/Editor/Data/MonoBleedingEdge/lib/mono/unityjit'
Mono config path = 'D:/Program Files/Unity/Editor/2020.3.8f1/Editor/Data/MonoBleedingEdge/etc'
Using monoOptions --debugger-agent=transport=dt_socket,embedding=1,server=y,suspend=n,address=127.0.0.1:56284
Begin MonoManager ReloadAssembly
Registering precompiled unity dll's ...
Register platform support module: D:/Program Files/Unity/Editor/2020.3.8f1/Editor/Data/PlaybackEngines/WindowsStandaloneSupport/UnityEditor.WindowsStandalone.Extensions.dll
Registered in 0.001419 seconds.
Native extension for WindowsStandalone target not found
Refreshing native plugins compatible for Editor in 37.35 ms, found 0 plugins.
Preloading 0 native plugins for Editor in 0.00 ms.
Mono: successfully reloaded assembly
- Completed reload, in  1.768 seconds
Platform modules already initialized, skipping
Registering precompiled user dll's ...
Registered in 0.001013 seconds.
Begin MonoManager ReloadAssembly
Native extension for WindowsStandalone target not found
Refreshing native plugins compatible for Editor in 39.65 ms, found 0 plugins.
Preloading 0 native plugins for Editor in 0.00 ms.
Mono: successfully reloaded assembly
- Completed reload, in  1.173 seconds
Platform modules already initialized, skipping
========================================================================
Worker process is ready to serve import requests
Launched and connected shader compiler UnityShaderCompiler.exe after 0.18 seconds
Refreshing native plugins compatible for Editor in 0.30 ms, found 0 plugins.
Preloading 0 native plugins for Editor in 0.00 ms.
Unloading 1508 Unused Serialized files (Serialized files now loaded: 0)
System memory in use before: 72.1 MB.
System memory in use after: 72.1 MB.

Unloading 12 unused Assets to reduce memory usage. Loaded Objects now: 1955.
Total: 2.120300 ms (FindLiveObjects: 0.147200 ms CreateObjectMapping: 0.048900 ms MarkObjects: 1.837300 ms  DeleteObjects: 0.085800 ms)

========================================================================
Received Import Request.
  path: Assets/Scripts/Managers/GameStatesManager/GameStates/AITurnGameState.cs
  artifactKey: Guid(27b72ac7e9939b74c843409bb33c4f5d) Importer(815301076,1909f56bfc062723c751e8b465ee728b)
Start importing Assets/Scripts/Managers/GameStatesManager/GameStates/AITurnGameState.cs using Guid(27b72ac7e9939b74c843409bb33c4f5d) Importer(815301076,1909f56bfc062723c751e8b465ee728b)  -> (artifact id: '96ea6ec9037583a945735012ad735372') in 0.033626 seconds
  Import took 0.036435 seconds .

========================================================================
Received Import Request.
  Time since last request: 38.882395 seconds.
  path: Assets/Scripts/Managers/GameStatesManager/GameStates/AITurnGameState.cs
  artifactKey: Guid(27b72ac7e9939b74c843409bb33c4f5d) Importer(815301076,1909f56bfc062723c751e8b465ee728b)
Start importing Assets/Scripts/Managers/GameStatesManager/GameStates/AITurnGameState.cs using Guid(27b72ac7e9939b74c843409bb33c4f5d) Importer(815301076,1909f56bfc062723c751e8b465ee728b)  -> (artifact id: '5badb25ba1f67c58f70bce4ea083dc1e') in 0.004122 seconds
  Import took 0.007360 seconds .

========================================================================
Received Prepare
Registering precompiled user dll's ...
Registered in 0.000858 seconds.
Begin MonoManager ReloadAssembly
Native extension for WindowsStandalone target not found
Refreshing native plugins compatible for Editor in 0.28 ms, found 0 plugins.
Preloading 0 native plugins for Editor in 0.00 ms.
Mono: successfully reloaded assembly
- Completed reload, in  1.058 seconds
Platform modules already initialized, skipping
Refreshing native plugins compatible for Editor in 0.30 ms, found 0 plugins.
Preloading 0 native plugins for Editor in 0.00 ms.
Unloading 1490 Unused Serialized files (Serialized files now loaded: 0)
System memory in use before: 70.9 MB.
System memory in use after: 71.0 MB.

Unloading 5 unused Assets to reduce memory usage. Loaded Objects now: 1958.
Total: 2.198600 ms (FindLiveObjects: 0.147200 ms CreateObjectMapping: 0.049500 ms MarkObjects: 1.883000 ms  DeleteObjects: 0.118200 ms)

========================================================================
Received Import Request.
  Time since last request: 84.950742 seconds.
  path: Assets/Scripts/RPGGame/AI/PlayerAI.cs
  artifactKey: Guid(e41ba3026901a63428be94d08ae006bd) Importer(815301076,1909f56bfc062723c751e8b465ee728b)
Start importing Assets/Scripts/RPGGame/AI/PlayerAI.cs using Guid(e41ba3026901a63428be94d08ae006bd) Importer(815301076,1909f56bfc062723c751e8b465ee728b)  -> (artifact id: '7b47d6395d01c69d134298563ddc5d4e') in 0.010819 seconds
  Import took 0.014476 seconds .

========================================================================
Received Prepare
Registering precompiled user dll's ...
Registered in 0.000901 seconds.
Begin MonoManager ReloadAssembly
Native extension for WindowsStandalone target not found
Refreshing native plugins compatible for Editor in 0.28 ms, found 0 plugins.
Preloading 0 native plugins for Editor in 0.00 ms.
Mono: successfully reloaded assembly
- Completed reload, in  1.041 seconds
Platform modules already initialized, skipping
Refreshing native plugins compatible for Editor in 0.30 ms, found 0 plugins.
Preloading 0 native plugins for Editor in 0.00 ms.
Unloading 1490 Unused Serialized files (Serialized files now loaded: 0)
System memory in use before: 70.9 MB.
System memory in use after: 71.0 MB.

Unloading 5 unused Assets to reduce memory usage. Loaded Objects now: 1961.
Total: 1.935300 ms (FindLiveObjects: 0.146800 ms CreateObjectMapping: 0.050000 ms MarkObjects: 1.620600 ms  DeleteObjects: 0.116900 ms)

========================================================================
Received Import Request.
  Time since last request: 41.334729 seconds.
  path: Assets/Scripts/RPGGame/AI/PlayerAI.cs
  artifactKey: Guid(e41ba3026901a63428be94d08ae006bd) Importer(815301076,1909f56bfc062723c751e8b465ee728b)
Start importing Assets/Scripts/RPGGame/AI/PlayerAI.cs using Guid(e41ba3026901a63428be94d08ae006bd) Importer(815301076,1909f56bfc062723c751e8b465ee728b)  -> (artifact id: '1f6b144ed72fe8c99fb2544a52016148') in 0.007279 seconds
  Import took 0.009899 seconds .

========================================================================
Received Import Request.
  Time since last request: 4.125150 seconds.
  path: Assets/Scripts/RPGGame/Map/Board.cs
  artifactKey: Guid(0db693f6ce5b00c448428cd88da51440) Importer(815301076,1909f56bfc062723c751e8b465ee728b)
Start importing Assets/Scripts/RPGGame/Map/Board.cs using Guid(0db693f6ce5b00c448428cd88da51440) Importer(815301076,1909f56bfc062723c751e8b465ee728b)  -> (artifact id: '86b1843fc4872c2c88f134cdafffad19') in 0.009759 seconds
  Import took 0.013427 seconds .

========================================================================
Received Prepare
Registering precompiled user dll's ...
Registered in 0.000944 seconds.
Begin MonoManager ReloadAssembly
Native extension for WindowsStandalone target not found
Refreshing native plugins compatible for Editor in 0.28 ms, found 0 plugins.
Preloading 0 native plugins for Editor in 0.00 ms.
Mono: successfully reloaded assembly
- Completed reload, in  1.052 seconds
Platform modules already initialized, skipping
Refreshing native plugins compatible for Editor in 0.31 ms, found 0 plugins.
Preloading 0 native plugins for Editor in 0.00 ms.
Unloading 1490 Unused Serialized files (Serialized files now loaded: 0)
System memory in use before: 71.0 MB.
System memory in use after: 71.0 MB.

Unloading 5 unused Assets to reduce memory usage. Loaded Objects now: 1964.
Total: 2.165600 ms (FindLiveObjects: 0.149000 ms CreateObjectMapping: 0.049300 ms MarkObjects: 1.855800 ms  DeleteObjects: 0.110600 ms)

========================================================================
Received Import Request.
  Time since last request: 691.881716 seconds.
  path: Assets/Scripts/RPGGame/Map/Board.cs
  artifactKey: Guid(0db693f6ce5b00c448428cd88da51440) Importer(815301076,1909f56bfc062723c751e8b465ee728b)
Start importing Assets/Scripts/RPGGame/Map/Board.cs using Guid(0db693f6ce5b00c448428cd88da51440) Importer(815301076,1909f56bfc062723c751e8b465ee728b)  -> (artifact id: '8e0d3d283c16fb5667cb008fc22fe0ad') in 0.007816 seconds
  Import took 0.010365 seconds .

========================================================================
Received Import Request.
  Time since last request: 2.439832 seconds.
  path: Assets/Scripts/RPGGame/Map/Cell.cs
  artifactKey: Guid(40311a0fd3411124989f116d9b7f6248) Importer(815301076,1909f56bfc062723c751e8b465ee728b)
Start importing Assets/Scripts/RPGGame/Map/Cell.cs using Guid(40311a0fd3411124989f116d9b7f6248) Importer(815301076,1909f56bfc062723c751e8b465ee728b)  -> (artifact id: '9bc3cba6160a4a7ad3e96e9b489fc678') in 0.005609 seconds
  Import took 0.008592 seconds .

========================================================================
Received Import Request.
  Time since last request: 0.003333 seconds.
  path: Assets/Scripts/RPGGame/Map/Cell.cs
  artifactKey: Guid(40311a0fd3411124989f116d9b7f6248) Importer(815301076,1909f56bfc062723c751e8b465ee728b)
Start importing Assets/Scripts/RPGGame/Map/Cell.cs using Guid(40311a0fd3411124989f116d9b7f6248) Importer(815301076,1909f56bfc062723c751e8b465ee728b)  -> (artifact id: '9bc3cba6160a4a7ad3e96e9b489fc678') in 0.006136 seconds
  Import took 0.009292 seconds .

========================================================================
Received Import Request.
  Time since last request: 20.078400 seconds.
  path: Assets/Scripts/RPGGame/Units/UnitCosmetic.cs
  artifactKey: Guid(a1480529f9a0baf45aa306fba3ae149f) Importer(815301076,1909f56bfc062723c751e8b465ee728b)
Start importing Assets/Scripts/RPGGame/Units/UnitCosmetic.cs using Guid(a1480529f9a0baf45aa306fba3ae149f) Importer(815301076,1909f56bfc062723c751e8b465ee728b)  -> (artifact id: '45a21db2867bfe0fb2c6fe224f5e1bfe') in 0.009959 seconds
  Import took 0.012677 seconds .

========================================================================
Received Import Request.
  Time since last request: 0.007287 seconds.
  path: Assets/Scripts/RPGGame/Units/UnitCosmetic.cs
  artifactKey: Guid(a1480529f9a0baf45aa306fba3ae149f) Importer(815301076,1909f56bfc062723c751e8b465ee728b)
Start importing Assets/Scripts/RPGGame/Units/UnitCosmetic.cs using Guid(a1480529f9a0baf45aa306fba3ae149f) Importer(815301076,1909f56bfc062723c751e8b465ee728b)  -> (artifact id: '45a21db2867bfe0fb2c6fe224f5e1bfe') in 0.004968 seconds
  Import took 0.008249 seconds .

========================================================================
Received Import Request.
  Time since last request: 6.516280 seconds.
  path: Assets/Scripts/RPGGame/Units/UnitState.cs
  artifactKey: Guid(025fa038349c72642827e088522bd415) Importer(815301076,1909f56bfc062723c751e8b465ee728b)
Start importing Assets/Scripts/RPGGame/Units/UnitState.cs using Guid(025fa038349c72642827e088522bd415) Importer(815301076,1909f56bfc062723c751e8b465ee728b)  -> (artifact id: '93d6e4d61f7d6cb149dc4e2bbdaeddd6') in 0.009788 seconds
  Import took 0.013321 seconds .

========================================================================
Received Import Request.
  Time since last request: 0.001590 seconds.
  path: Assets/Scripts/RPGGame/Units/UnitState.cs
  artifactKey: Guid(025fa038349c72642827e088522bd415) Importer(815301076,1909f56bfc062723c751e8b465ee728b)
Start importing Assets/Scripts/RPGGame/Units/UnitState.cs using Guid(025fa038349c72642827e088522bd415) Importer(815301076,1909f56bfc062723c751e8b465ee728b)  -> (artifact id: '93d6e4d61f7d6cb149dc4e2bbdaeddd6') in 0.004132 seconds
  Import took 0.007151 seconds .

========================================================================
Received Prepare
Registering precompiled user dll's ...
Registered in 0.000939 seconds.
Begin MonoManager ReloadAssembly
Native extension for WindowsStandalone target not found
Refreshing native plugins compatible for Editor in 0.30 ms, found 0 plugins.
Preloading 0 native plugins for Editor in 0.00 ms.
Mono: successfully reloaded assembly
- Completed reload, in  1.028 seconds
Platform modules already initialized, skipping
Refreshing native plugins compatible for Editor in 0.28 ms, found 0 plugins.
Preloading 0 native plugins for Editor in 0.00 ms.
Unloading 1490 Unused Serialized files (Serialized files now loaded: 0)
System memory in use before: 71.0 MB.
System memory in use after: 71.1 MB.

Unloading 5 unused Assets to reduce memory usage. Loaded Objects now: 1967.
Total: 2.132500 ms (FindLiveObjects: 0.154700 ms CreateObjectMapping: 0.052700 ms MarkObjects: 1.849500 ms  DeleteObjects: 0.074500 ms)

========================================================================
Received Import Request.
  Time since last request: 327.866425 seconds.
  path: Assets/Scripts/RPGGame/Units/UnitState.cs
  artifactKey: Guid(025fa038349c72642827e088522bd415) Importer(815301076,1909f56bfc062723c751e8b465ee728b)
Start importing Assets/Scripts/RPGGame/Units/UnitState.cs using Guid(025fa038349c72642827e088522bd415) Importer(815301076,1909f56bfc062723c751e8b465ee728b)  -> (artifact id: '2aa765df60b8088d4c347f944f4e22da') in 0.005309 seconds
  Import took 0.007858 seconds .

========================================================================
Received Import Request.
  Time since last request: 3.091861 seconds.
  path: Assets/Scripts/RPGGame/Units/StatsStates/StatState.cs
  artifactKey: Guid(70edb9b4d8068c04a831320c832f6021) Importer(815301076,1909f56bfc062723c751e8b465ee728b)
Start importing Assets/Scripts/RPGGame/Units/StatsStates/StatState.cs using Guid(70edb9b4d8068c04a831320c832f6021) Importer(815301076,1909f56bfc062723c751e8b465ee728b)  -> (artifact id: '3e2cb913df4fa33d35c847f5b193c359') in 0.008591 seconds
  Import took 0.011511 seconds .

========================================================================
Received Prepare
Registering precompiled user dll's ...
Registered in 0.000978 seconds.
Begin MonoManager ReloadAssembly
Native extension for WindowsStandalone target not found
Refreshing native plugins compatible for Editor in 0.30 ms, found 0 plugins.
Preloading 0 native plugins for Editor in 0.00 ms.
Mono: successfully reloaded assembly
- Completed reload, in  1.036 seconds
Platform modules already initialized, skipping
Refreshing native plugins compatible for Editor in 0.29 ms, found 0 plugins.
Preloading 0 native plugins for Editor in 0.00 ms.
Unloading 1490 Unused Serialized files (Serialized files now loaded: 0)
System memory in use before: 71.0 MB.
System memory in use after: 71.1 MB.

Unloading 5 unused Assets to reduce memory usage. Loaded Objects now: 1970.
Total: 1.941700 ms (FindLiveObjects: 0.202400 ms CreateObjectMapping: 0.053700 ms MarkObjects: 1.614200 ms  DeleteObjects: 0.070000 ms)

========================================================================
Received Import Request.
  Time since last request: 170.749731 seconds.
  path: Assets/Scripts/RPGGame/Units/StatsStates/StatState.cs
  artifactKey: Guid(70edb9b4d8068c04a831320c832f6021) Importer(815301076,1909f56bfc062723c751e8b465ee728b)
Start importing Assets/Scripts/RPGGame/Units/StatsStates/StatState.cs using Guid(70edb9b4d8068c04a831320c832f6021) Importer(815301076,1909f56bfc062723c751e8b465ee728b)  -> (artifact id: '3b660ccc46cccce76bcf60f01d57e6ce') in 0.005730 seconds
  Import took 0.008205 seconds .

========================================================================
Received Import Request.
  Time since last request: 0.000279 seconds.
  path: Assets/Scripts/RPGGame/Units/StatsStates/UnitStatsState.cs
  artifactKey: Guid(891bf2e0fafe5de44b1f696234f829d6) Importer(815301076,1909f56bfc062723c751e8b465ee728b)
Start importing Assets/Scripts/RPGGame/Units/StatsStates/UnitStatsState.cs using Guid(891bf2e0fafe5de44b1f696234f829d6) Importer(815301076,1909f56bfc062723c751e8b465ee728b)  -> (artifact id: '3a55b2ce181ba7f4883f924853de61d9') in 0.006904 seconds
  Import took 0.009526 seconds .

========================================================================
Received Prepare
Registering precompiled user dll's ...
Registered in 0.000837 seconds.
Begin MonoManager ReloadAssembly
Native extension for WindowsStandalone target not found
Refreshing native plugins compatible for Editor in 0.31 ms, found 0 plugins.
Preloading 0 native plugins for Editor in 0.00 ms.
Mono: successfully reloaded assembly
- Completed reload, in  1.022 seconds
Platform modules already initialized, skipping
Refreshing native plugins compatible for Editor in 0.31 ms, found 0 plugins.
Preloading 0 native plugins for Editor in 0.00 ms.
Unloading 1490 Unused Serialized files (Serialized files now loaded: 0)
System memory in use before: 71.0 MB.
System memory in use after: 71.1 MB.

Unloading 5 unused Assets to reduce memory usage. Loaded Objects now: 1973.
Total: 2.018300 ms (FindLiveObjects: 0.147300 ms CreateObjectMapping: 0.050500 ms MarkObjects: 1.768900 ms  DeleteObjects: 0.050700 ms)

========================================================================
Received Import Request.
  Time since last request: 94.059654 seconds.
  path: Assets/Scripts/RPGGame/Units/StatsStates/UnitStatsState.cs
  artifactKey: Guid(891bf2e0fafe5de44b1f696234f829d6) Importer(815301076,1909f56bfc062723c751e8b465ee728b)
Start importing Assets/Scripts/RPGGame/Units/StatsStates/UnitStatsState.cs using Guid(891bf2e0fafe5de44b1f696234f829d6) Importer(815301076,1909f56bfc062723c751e8b465ee728b)  -> (artifact id: 'f62552648d4524b1a0703778fa1e10cf') in 0.005188 seconds
  Import took 0.007744 seconds .

========================================================================
Received Import Request.
  Time since last request: 3.189000 seconds.
  path: Assets/Scripts/RPGGame/Units/StatsStates/UnitAction.cs
  artifactKey: Guid(731dc93e2906d1043b83fe7699f4a02e) Importer(815301076,1909f56bfc062723c751e8b465ee728b)
Start importing Assets/Scripts/RPGGame/Units/StatsStates/UnitAction.cs using Guid(731dc93e2906d1043b83fe7699f4a02e) Importer(815301076,1909f56bfc062723c751e8b465ee728b)  -> (artifact id: '17be89a48d02c5bffbdbc6995c4550fc') in 0.008550 seconds
  Import took 0.011779 seconds .

========================================================================
Received Prepare
Registering precompiled user dll's ...
Registered in 0.000938 seconds.
Begin MonoManager ReloadAssembly
Native extension for WindowsStandalone target not found
Refreshing native plugins compatible for Editor in 0.36 ms, found 0 plugins.
Preloading 0 native plugins for Editor in 0.00 ms.
Mono: successfully reloaded assembly
- Completed reload, in  1.048 seconds
Platform modules already initialized, skipping
Refreshing native plugins compatible for Editor in 0.30 ms, found 0 plugins.
Preloading 0 native plugins for Editor in 0.00 ms.
Unloading 1490 Unused Serialized files (Serialized files now loaded: 0)
System memory in use before: 71.0 MB.
System memory in use after: 71.1 MB.

Unloading 5 unused Assets to reduce memory usage. Loaded Objects now: 1976.
Total: 2.243300 ms (FindLiveObjects: 0.145900 ms CreateObjectMapping: 0.047600 ms MarkObjects: 1.961100 ms  DeleteObjects: 0.087600 ms)

========================================================================
Received Prepare
Registering precompiled user dll's ...
Registered in 0.000844 seconds.
Begin MonoManager ReloadAssembly
Native extension for WindowsStandalone target not found
Refreshing native plugins compatible for Editor in 0.27 ms, found 0 plugins.
Preloading 0 native plugins for Editor in 0.00 ms.
Mono: successfully reloaded assembly
- Completed reload, in  1.018 seconds
Platform modules already initialized, skipping
Refreshing native plugins compatible for Editor in 0.30 ms, found 0 plugins.
Preloading 0 native plugins for Editor in 0.00 ms.
Unloading 1490 Unused Serialized files (Serialized files now loaded: 0)
System memory in use before: 71.0 MB.
System memory in use after: 71.1 MB.

Unloading 5 unused Assets to reduce memory usage. Loaded Objects now: 1979.
Total: 2.237800 ms (FindLiveObjects: 0.141600 ms CreateObjectMapping: 0.045800 ms MarkObjects: 1.958000 ms  DeleteObjects: 0.091500 ms)

========================================================================
Received Import Request.
  Time since last request: 199.494899 seconds.
  path: Assets/Scripts/RPGGame/Units/StatsStates/UnitAttack.cs
  artifactKey: Guid(4cf3154ab142a1f41a8c4a3cb98c2c83) Importer(815301076,1909f56bfc062723c751e8b465ee728b)
Start importing Assets/Scripts/RPGGame/Units/StatsStates/UnitAttack.cs using Guid(4cf3154ab142a1f41a8c4a3cb98c2c83) Importer(815301076,1909f56bfc062723c751e8b465ee728b)  -> (artifact id: '1793120e0e8f8b9e347e8f32cf8547c1') in 0.009468 seconds
  Import took 0.012409 seconds .

========================================================================
Received Import Request.
  Time since last request: 0.035813 seconds.
  path: Assets/Scripts/RPGGame/Units/StatsStates/UnitAttack.cs
  artifactKey: Guid(4cf3154ab142a1f41a8c4a3cb98c2c83) Importer(815301076,1909f56bfc062723c751e8b465ee728b)
Start importing Assets/Scripts/RPGGame/Units/StatsStates/UnitAttack.cs using Guid(4cf3154ab142a1f41a8c4a3cb98c2c83) Importer(815301076,1909f56bfc062723c751e8b465ee728b)  -> (artifact id: '1793120e0e8f8b9e347e8f32cf8547c1') in 0.003751 seconds
  Import took 0.006960 seconds .

========================================================================
Received Prepare
Registering precompiled user dll's ...
Registered in 0.000852 seconds.
Begin MonoManager ReloadAssembly
Native extension for WindowsStandalone target not found
Refreshing native plugins compatible for Editor in 0.39 ms, found 0 plugins.
Preloading 0 native plugins for Editor in 0.00 ms.
Mono: successfully reloaded assembly
- Completed reload, in  1.012 seconds
Platform modules already initialized, skipping
Refreshing native plugins compatible for Editor in 0.29 ms, found 0 plugins.
Preloading 0 native plugins for Editor in 0.00 ms.
Unloading 1490 Unused Serialized files (Serialized files now loaded: 0)
System memory in use before: 71.0 MB.
System memory in use after: 71.1 MB.

Unloading 5 unused Assets to reduce memory usage. Loaded Objects now: 1982.
Total: 2.015000 ms (FindLiveObjects: 0.169000 ms CreateObjectMapping: 0.097200 ms MarkObjects: 1.656400 ms  DeleteObjects: 0.091400 ms)

========================================================================
Received Import Request.
  Time since last request: 53.676125 seconds.
  path: Assets/Scripts/RPGGame/Units/StatsStates/UnitAttack.cs
  artifactKey: Guid(4cf3154ab142a1f41a8c4a3cb98c2c83) Importer(815301076,1909f56bfc062723c751e8b465ee728b)
Start importing Assets/Scripts/RPGGame/Units/StatsStates/UnitAttack.cs using Guid(4cf3154ab142a1f41a8c4a3cb98c2c83) Importer(815301076,1909f56bfc062723c751e8b465ee728b)  -> (artifact id: 'ae2d464e9b0f34d6f73db561aebb58bf') in 0.005984 seconds
  Import took 0.008554 seconds .

========================================================================
Received Import Request.
  Time since last request: 0.100074 seconds.
  path: Assets/Scripts/RPGGame/Units/StatsStates/UnitMovement.cs
  artifactKey: Guid(a539daea7096a6649bc087abc8615e5b) Importer(815301076,1909f56bfc062723c751e8b465ee728b)
Start importing Assets/Scripts/RPGGame/Units/StatsStates/UnitMovement.cs using Guid(a539daea7096a6649bc087abc8615e5b) Importer(815301076,1909f56bfc062723c751e8b465ee728b)  -> (artifact id: '75276f62ce43e251368aaa2d7e26aa2c') in 0.008065 seconds
  Import took 0.011307 seconds .

========================================================================
Received Prepare
Registering precompiled user dll's ...
Registered in 0.000973 seconds.
Begin MonoManager ReloadAssembly
Native extension for WindowsStandalone target not found
Refreshing native plugins compatible for Editor in 0.26 ms, found 0 plugins.
Preloading 0 native plugins for Editor in 0.00 ms.
Mono: successfully reloaded assembly
- Completed reload, in  1.035 seconds
Platform modules already initialized, skipping
Refreshing native plugins compatible for Editor in 0.38 ms, found 0 plugins.
Preloading 0 native plugins for Editor in 0.00 ms.
Unloading 1490 Unused Serialized files (Serialized files now loaded: 0)
System memory in use before: 71.0 MB.
System memory in use after: 71.1 MB.

Unloading 5 unused Assets to reduce memory usage. Loaded Objects now: 1985.
Total: 2.594800 ms (FindLiveObjects: 0.363900 ms CreateObjectMapping: 0.177700 ms MarkObjects: 1.939700 ms  DeleteObjects: 0.112500 ms)

========================================================================
Received Import Request.
  Time since last request: 52.740381 seconds.
  path: Assets/Scripts/RPGGame/Units/StatsStates/UnitMovement.cs
  artifactKey: Guid(a539daea7096a6649bc087abc8615e5b) Importer(815301076,1909f56bfc062723c751e8b465ee728b)
Start importing Assets/Scripts/RPGGame/Units/StatsStates/UnitMovement.cs using Guid(a539daea7096a6649bc087abc8615e5b) Importer(815301076,1909f56bfc062723c751e8b465ee728b)  -> (artifact id: 'f18618d9a0460d439fc2eb03bd18c67a') in 0.005306 seconds
  Import took 0.007993 seconds .

========================================================================
Received Prepare
Registering precompiled user dll's ...
Registered in 0.000822 seconds.
Begin MonoManager ReloadAssembly
Native extension for WindowsStandalone target not found
Refreshing native plugins compatible for Editor in 0.27 ms, found 0 plugins.
Preloading 0 native plugins for Editor in 0.00 ms.
Mono: successfully reloaded assembly
- Completed reload, in  1.050 seconds
Platform modules already initialized, skipping
Refreshing native plugins compatible for Editor in 0.31 ms, found 0 plugins.
Preloading 0 native plugins for Editor in 0.00 ms.
Unloading 1490 Unused Serialized files (Serialized files now loaded: 0)
System memory in use before: 71.0 MB.
System memory in use after: 71.1 MB.

Unloading 5 unused Assets to reduce memory usage. Loaded Objects now: 1988.
Total: 2.125200 ms (FindLiveObjects: 0.140400 ms CreateObjectMapping: 0.046300 ms MarkObjects: 1.820500 ms  DeleteObjects: 0.117100 ms)

========================================================================
Received Import Request.
  Time since last request: 53.822416 seconds.
  path: Assets/Scripts/RPGGame/Units/UnitCosmetic.cs
  artifactKey: Guid(a1480529f9a0baf45aa306fba3ae149f) Importer(815301076,1909f56bfc062723c751e8b465ee728b)
Start importing Assets/Scripts/RPGGame/Units/UnitCosmetic.cs using Guid(a1480529f9a0baf45aa306fba3ae149f) Importer(815301076,1909f56bfc062723c751e8b465ee728b)  -> (artifact id: 'ebaa52ab3cad674107ade5defadd105a') in 0.005176 seconds
  Import took 0.105582 seconds .

========================================================================
Received Import Request.
  Time since last request: 27.170492 seconds.
  path: Assets/Plugins/GFFramework/Scripts/Managers/GameStatesManager/GameStateManager.cs
  artifactKey: Guid(8a3c30dd5d7dabd4da66b27be3614eaa) Importer(815301076,1909f56bfc062723c751e8b465ee728b)
Start importing Assets/Plugins/GFFramework/Scripts/Managers/GameStatesManager/GameStateManager.cs using Guid(8a3c30dd5d7dabd4da66b27be3614eaa) Importer(815301076,1909f56bfc062723c751e8b465ee728b)  -> (artifact id: '0646fdecd328cf2a32b43f85786b25bf') in 0.006904 seconds
  Import took 0.010767 seconds .

========================================================================
Received Import Request.
  Time since last request: 0.000971 seconds.
  path: Assets/Plugins/GFFramework/Scripts/Managers/GameStatesManager/GameStateManager.cs
  artifactKey: Guid(8a3c30dd5d7dabd4da66b27be3614eaa) Importer(815301076,1909f56bfc062723c751e8b465ee728b)
Start importing Assets/Plugins/GFFramework/Scripts/Managers/GameStatesManager/GameStateManager.cs using Guid(8a3c30dd5d7dabd4da66b27be3614eaa) Importer(815301076,1909f56bfc062723c751e8b465ee728b)  -> (artifact id: '0646fdecd328cf2a32b43f85786b25bf') in 0.003685 seconds
  Import took 0.006834 seconds .

